1776495144377:init
1776495154479:status
1776495208228:migrate
1776495220236:history
1776495232073:rollback
1776495238989:validate
1776683060002:list
1776683305609:init
1776683308391:list
1776683359889:init
1776683362157:list
1776683419365:init
1776683423301:list
1776683592904:init
1776683595942:list
1776685877621:init
1776685880294:list
1776685947653:create migration --version 002 --description create_employee_table
1776686000365:list
1776686182386:migrate
1776686196338:history
1776686211003:migrate
1776686310739:init
1776686314818:list
1776686318469:migrate
1776690621381:list
1776690626887:migrate
1776691308568:stacktrace
1776746421379:migrate
1776746430271:stacktrace
1776748815423:init
1776748817654:list
1776748824557:status
1776748833098:migrate
1776750395397:init
1776750397995:migrate
1776754067694:liintiinti
1776754069444:init
1776754071183:list
1776754087811:status
1776754091429:migrate
1776754846343:init
1776754856290:list
1776754859095:migrate
1776755161325:init
1776755164080:list
1776755167161:status
1776755172033:migrate
1776755596123:init
1776755601815:list
1776755608176:status
1776755610323:migrate
1776755717646:init
1776755725984:list
1776755728853:migrate
1776755812123:init
1776755813367:list
1776755815370:migrate
1776755863919:init
1776755941652:list
1776755944165:migrate
1776756055094:init
1776756071394:list
1776756076090:migrate
1776756145799:init
1776756148968:migrate
1776776262974:init
1776776335540:list
1776776349579:migrate
1777363239461:init
1777363241403:list
1777363244369:migrate
1777364359644:init
1777364516364:migrate
1777365525840:init
1777365528544:migrate
1777365773193:miggrate
1777365775763:migrate
1777366822526:list
1777366829982:status
